  [1m[36mActiveRecord::SchemaMigration Pluck (0.2ms)[0m  [1m[34mSELECT "schema_migrations"."version" FROM "schema_migrations" ORDER BY "schema_migrations"."version" ASC[0m
Migrating to CreateEvents (20221114150222)
  [1m[36mTRANSACTION (0.0ms)[0m  [1m[36mbegin transaction[0m
  [1m[35m (0.2ms)[0m  [1m[35mCREATE TABLE "events" ("id" integer PRIMARY KEY AUTOINCREMENT NOT NULL, "name" varchar(40), "description" varchar(250), "place_name" varchar(30), "start_date" datetime(6), "end_date" datetime(6), "created_at" datetime(6) NOT NULL, "updated_at" datetime(6) NOT NULL)[0m
  [1m[36mTRANSACTION (0.0ms)[0m  [1m[31mrollback transaction[0m
  [1m[36mActiveRecord::SchemaMigration Pluck (0.1ms)[0m  [1m[34mSELECT "schema_migrations"."version" FROM "schema_migrations" ORDER BY "schema_migrations"."version" ASC[0m
  [1m[36mActiveRecord::InternalMetadata Pluck (0.1ms)[0m  [1m[34mSELECT "ar_internal_metadata"."value" FROM "ar_internal_metadata" WHERE "ar_internal_metadata"."key" = ? LIMIT ?[0m  [["key", "environment"], ["LIMIT", 1]]
  [1m[36mActiveRecord::SchemaMigration Pluck (0.0ms)[0m  [1m[34mSELECT "schema_migrations"."version" FROM "schema_migrations" ORDER BY "schema_migrations"."version" ASC[0m
  [1m[36mActiveRecord::InternalMetadata Pluck (0.0ms)[0m  [1m[34mSELECT "ar_internal_metadata"."value" FROM "ar_internal_metadata" WHERE "ar_internal_metadata"."key" = ? LIMIT ?[0m  [["key", "environment"], ["LIMIT", 1]]
  [1m[36mActiveRecord::SchemaMigration Pluck (0.0ms)[0m  [1m[34mSELECT "schema_migrations"."version" FROM "schema_migrations" ORDER BY "schema_migrations"."version" ASC[0m
  [1m[36mActiveRecord::InternalMetadata Pluck (0.0ms)[0m  [1m[34mSELECT "ar_internal_metadata"."value" FROM "ar_internal_metadata" WHERE "ar_internal_metadata"."key" = ? LIMIT ?[0m  [["key", "environment"], ["LIMIT", 1]]
  [1m[35m (7.9ms)[0m  [1m[35mCREATE TABLE "schema_migrations" ("version" varchar NOT NULL PRIMARY KEY)[0m
  [1m[35m (6.0ms)[0m  [1m[35mCREATE TABLE "ar_internal_metadata" ("key" varchar NOT NULL PRIMARY KEY, "value" varchar, "created_at" datetime(6) NOT NULL, "updated_at" datetime(6) NOT NULL)[0m
  [1m[36mActiveRecord::SchemaMigration Pluck (0.1ms)[0m  [1m[34mSELECT "schema_migrations"."version" FROM "schema_migrations" ORDER BY "schema_migrations"."version" ASC[0m
Migrating to CreateEvents (20221114150222)
  [1m[36mTRANSACTION (0.0ms)[0m  [1m[36mbegin transaction[0m
  [1m[35m (0.2ms)[0m  [1m[35mCREATE TABLE "events" ("id" integer PRIMARY KEY AUTOINCREMENT NOT NULL, "name" varchar(40), "description" varchar(250), "place_name" varchar(30), "start_date" datetime(6), "end_date" datetime(6), "created_at" datetime(6) NOT NULL, "updated_at" datetime(6) NOT NULL)[0m
  [1m[36mActiveRecord::SchemaMigration Create (0.1ms)[0m  [1m[32mINSERT INTO "schema_migrations" ("version") VALUES (?)[0m  [["version", "20221114150222"]]
  [1m[36mTRANSACTION (6.4ms)[0m  [1m[36mcommit transaction[0m
  [1m[36mActiveRecord::InternalMetadata Load (0.5ms)[0m  [1m[34mSELECT "ar_internal_metadata".* FROM "ar_internal_metadata" WHERE "ar_internal_metadata"."key" = ? LIMIT ?[0m  [["key", "environment"], ["LIMIT", 1]]
  [1m[36mTRANSACTION (0.1ms)[0m  [1m[36mbegin transaction[0m
  [1m[36mActiveRecord::InternalMetadata Create (0.2ms)[0m  [1m[32mINSERT INTO "ar_internal_metadata" ("key", "value", "created_at", "updated_at") VALUES (?, ?, ?, ?)[0m  [["key", "environment"], ["value", "development"], ["created_at", "2022-11-14 15:04:26.589132"], ["updated_at", "2022-11-14 15:04:26.589132"]]
  [1m[36mTRANSACTION (4.8ms)[0m  [1m[36mcommit transaction[0m
  [1m[36mActiveRecord::SchemaMigration Pluck (0.1ms)[0m  [1m[34mSELECT "schema_migrations"."version" FROM "schema_migrations" ORDER BY "schema_migrations"."version" ASC[0m
Started GET "/admin/events/new" for 127.0.0.1 at 2022-11-14 17:54:19 +0100
  [1m[36mActiveRecord::SchemaMigration Pluck (0.1ms)[0m  [1m[34mSELECT "schema_migrations"."version" FROM "schema_migrations" ORDER BY "schema_migrations"."version" ASC[0m
Processing by EventsController#new as HTML
Completed 500 Internal Server Error in 3ms (ActiveRecord: 0.0ms | Allocations: 2270)


  
ArgumentError (You need to supply at least one validation):
  
app/models/event.rb:2:in `<class:Event>'
app/models/event.rb:1:in `<main>'
app/controllers/events_controller.rb:7:in `new'
Started GET "/admin/events/new" for 127.0.0.1 at 2022-11-14 17:55:32 +0100
Processing by EventsController#new as HTML
  Rendering layout layouts/application.html.erb
  Rendering events/new.html.erb within layouts/application
  Rendered events/new.html.erb within layouts/application (Duration: 12.9ms | Allocations: 2873)
  Rendered layout layouts/application.html.erb (Duration: 139.7ms | Allocations: 37334)
Completed 200 OK in 153ms (Views: 140.9ms | ActiveRecord: 0.7ms | Allocations: 45162)


Started POST "/events" for 127.0.0.1 at 2022-11-14 18:03:51 +0100
Processing by EventsController#create as TURBO_STREAM
  Parameters: {"authenticity_token"=>"[FILTERED]", "event"=>{"name"=>"Test event 1", "description"=>"Pourquoi les validations m'empechent d'afficher cette page?", "place_name"=>"Marseille", "start_date"=>"2022-11-14", "end_date"=>"2022-11-15"}, "commit"=>"Créer un nouvel Event"}
  [1m[36mTRANSACTION (0.0ms)[0m  [1m[36mbegin transaction[0m
  ↳ app/controllers/events_controller.rb:12:in `create'
  [1m[36mEvent Create (0.3ms)[0m  [1m[32mINSERT INTO "events" ("name", "description", "place_name", "start_date", "end_date", "created_at", "updated_at") VALUES (?, ?, ?, ?, ?, ?, ?)[0m  [["name", "Test event 1"], ["description", "Pourquoi les validations m'empechent d'afficher cette page?"], ["place_name", "Marseille"], ["start_date", "2022-11-14 00:00:00"], ["end_date", "2022-11-15 00:00:00"], ["created_at", "2022-11-14 17:03:51.344338"], ["updated_at", "2022-11-14 17:03:51.344338"]]
  ↳ app/controllers/events_controller.rb:12:in `create'
  [1m[36mTRANSACTION (4.5ms)[0m  [1m[36mcommit transaction[0m
  ↳ app/controllers/events_controller.rb:12:in `create'
Redirected to http://localhost:3000/events
Completed 302 Found in 12ms (ActiveRecord: 5.2ms | Allocations: 4027)


Started GET "/events" for 127.0.0.1 at 2022-11-14 18:03:51 +0100
  
ActionController::RoutingError (No route matches [GET] "/events"):
  
Started GET "/admin/events/new" for 127.0.0.1 at 2022-11-14 18:03:51 +0100
Processing by EventsController#new as HTML
  Rendering layout layouts/application.html.erb
  Rendering events/new.html.erb within layouts/application
  Rendered events/new.html.erb within layouts/application (Duration: 1.3ms | Allocations: 1052)
  Rendered layout layouts/application.html.erb (Duration: 3.9ms | Allocations: 3342)
Completed 200 OK in 5ms (Views: 4.4ms | ActiveRecord: 0.0ms | Allocations: 3661)


Started GET "/admin/events/new" for 127.0.0.1 at 2022-11-14 18:05:00 +0100
Processing by EventsController#new as HTML
Completed 500 Internal Server Error in 2ms (Allocations: 988)


  
ArgumentError (You need to supply at least one validation):
  
app/models/event.rb:2:in `<class:Event>'
app/models/event.rb:1:in `<main>'
app/controllers/events_controller.rb:7:in `new'
Started GET "/admin/events/new" for 127.0.0.1 at 2022-11-14 18:06:27 +0100
Processing by EventsController#new as HTML
  Rendering layout layouts/application.html.erb
  Rendering events/new.html.erb within layouts/application
  Rendered events/new.html.erb within layouts/application (Duration: 1.9ms | Allocations: 1249)
  Rendered layout layouts/application.html.erb (Duration: 11.9ms | Allocations: 14983)
Completed 200 OK in 19ms (Views: 12.8ms | ActiveRecord: 0.9ms | Allocations: 18752)


Started GET "/admin/events/new" for 127.0.0.1 at 2022-11-14 18:06:41 +0100
Processing by EventsController#new as HTML
  Rendering layout layouts/application.html.erb
  Rendering events/new.html.erb within layouts/application
  Rendered events/new.html.erb within layouts/application (Duration: 2.4ms | Allocations: 1014)
  Rendered layout layouts/application.html.erb (Duration: 7.3ms | Allocations: 3196)
Completed 200 OK in 8ms (Views: 7.9ms | ActiveRecord: 0.0ms | Allocations: 3495)


Started GET "/admin/events/new" for 127.0.0.1 at 2022-11-14 18:09:00 +0100
Processing by EventsController#new as HTML
  Rendering layout layouts/application.html.erb
  Rendering events/new.html.erb within layouts/application
  Rendered events/new.html.erb within layouts/application (Duration: 2.2ms | Allocations: 1005)
  Rendered layout layouts/application.html.erb (Duration: 6.3ms | Allocations: 3187)
Completed 200 OK in 7ms (Views: 6.8ms | ActiveRecord: 0.0ms | Allocations: 3460)


Started GET "/" for 127.0.0.1 at 2022-11-15 14:27:49 +0100
  [1m[36mActiveRecord::SchemaMigration Pluck (0.1ms)[0m  [1m[34mSELECT "schema_migrations"."version" FROM "schema_migrations" ORDER BY "schema_migrations"."version" ASC[0m
Processing by Rails::WelcomeController#index as HTML
  Rendering /home/mazzella/.asdf/installs/ruby/3.1.2/lib/ruby/gems/3.1.0/gems/railties-7.0.4/lib/rails/templates/rails/welcome/index.html.erb
  Rendered /home/mazzella/.asdf/installs/ruby/3.1.2/lib/ruby/gems/3.1.0/gems/railties-7.0.4/lib/rails/templates/rails/welcome/index.html.erb (Duration: 1.4ms | Allocations: 528)
Completed 200 OK in 23ms (Views: 4.3ms | ActiveRecord: 0.0ms | Allocations: 3770)


Started GET "/admin/events/new" for 127.0.0.1 at 2022-11-15 14:27:58 +0100
Processing by EventsController#new as HTML
Completed 500 Internal Server Error in 4ms (ActiveRecord: 0.0ms | Allocations: 1517)


  
ArgumentError (Unknown key: :presence. Valid keys are: :on, :if, :unless, :prepend. Perhaps you meant to call `validates` instead of `validate`?):
  
app/models/event.rb:5:in `<class:Event>'
app/models/event.rb:1:in `<main>'
app/controllers/events_controller.rb:6:in `new'
Started GET "/admin/events/new" for 127.0.0.1 at 2022-11-15 14:28:25 +0100
Processing by EventsController#new as HTML
  Rendering layout layouts/application.html.erb
  Rendering events/new.html.erb within layouts/application
  Rendered events/new.html.erb within layouts/application (Duration: 4.1ms | Allocations: 2427)
  Rendered layout layouts/application.html.erb (Duration: 58.9ms | Allocations: 37209)
Completed 200 OK in 74ms (Views: 60.1ms | ActiveRecord: 1.2ms | Allocations: 45353)


Started POST "/events" for 127.0.0.1 at 2022-11-15 14:28:49 +0100
Processing by EventsController#create as TURBO_STREAM
  Parameters: {"authenticity_token"=>"[FILTERED]", "event"=>{"name"=>"Test2", "description"=>"On teste les nouvelles validations", "place_name"=>"Marseille", "start_date"=>"2022-11-16", "end_date"=>"2022-11-17"}, "commit"=>"Créer un nouvel Event"}
Completed 500 Internal Server Error in 26ms (ActiveRecord: 0.0ms | Allocations: 7615)


  
NoMethodError (undefined method `end_date_cannot_be_in_the_past' for #<Event id: nil, name: "Test2", description: "On teste les nouvelles validations", place_name: "Marseille", start_date: "2022-11-16 00:00:00.000000000 +0000", end_date: "2022-11-17 00:00:00.000000000 +0000", created_at: nil, updated_at: nil>
Did you mean?  end_date_cannot_be_older_than_start_date):
  
app/controllers/events_controller.rb:10:in `create'
Started GET "/admin/events/new" for 127.0.0.1 at 2022-11-15 14:29:31 +0100
Processing by EventsController#new as HTML
  Rendering layout layouts/application.html.erb
  Rendering events/new.html.erb within layouts/application
  Rendered events/new.html.erb within layouts/application (Duration: 1.9ms | Allocations: 1243)
  Rendered layout layouts/application.html.erb (Duration: 15.6ms | Allocations: 14977)
Completed 200 OK in 23ms (Views: 17.0ms | ActiveRecord: 0.7ms | Allocations: 19130)


Started POST "/events" for 127.0.0.1 at 2022-11-15 14:29:33 +0100
Processing by EventsController#create as TURBO_STREAM
  Parameters: {"authenticity_token"=>"[FILTERED]", "event"=>{"name"=>"Test2", "description"=>"On teste les nouvelles validations", "place_name"=>"Marseille", "start_date"=>"2022-11-16", "end_date"=>"2022-11-17"}, "commit"=>"Créer un nouvel Event"}
Redirected to http://localhost:3000/events
Completed 302 Found in 13ms (ActiveRecord: 1.0ms | Allocations: 5009)


Started GET "/events" for 127.0.0.1 at 2022-11-15 14:29:33 +0100
  
ActionController::RoutingError (No route matches [GET] "/events"):
  
Started GET "/admin/events/new" for 127.0.0.1 at 2022-11-15 14:29:33 +0100
Processing by EventsController#new as HTML
  Rendering layout layouts/application.html.erb
  Rendering events/new.html.erb within layouts/application
  Rendered events/new.html.erb within layouts/application (Duration: 2.4ms | Allocations: 1212)
  Rendered layout layouts/application.html.erb (Duration: 23.4ms | Allocations: 14844)
Completed 200 OK in 25ms (Views: 24.9ms | ActiveRecord: 0.0ms | Allocations: 15461)


Started POST "/events" for 127.0.0.1 at 2022-11-15 14:31:47 +0100
Processing by EventsController#create as TURBO_STREAM
  Parameters: {"authenticity_token"=>"[FILTERED]", "event"=>{"name"=>"Test2", "description"=>"On re-teste les nouvelles validations", "place_name"=>"M", "start_date"=>"", "end_date"=>""}, "commit"=>"Créer un nouvel Event"}
Redirected to http://localhost:3000/events
Completed 302 Found in 7ms (ActiveRecord: 0.9ms | Allocations: 4858)


Started GET "/events" for 127.0.0.1 at 2022-11-15 14:31:47 +0100
  
ActionController::RoutingError (No route matches [GET] "/events"):
  
Started GET "/admin/events/new" for 127.0.0.1 at 2022-11-15 14:31:47 +0100
Processing by EventsController#new as HTML
  Rendering layout layouts/application.html.erb
  Rendering events/new.html.erb within layouts/application
  Rendered events/new.html.erb within layouts/application (Duration: 2.5ms | Allocations: 1209)
  Rendered layout layouts/application.html.erb (Duration: 17.3ms | Allocations: 14972)
Completed 200 OK in 19ms (Views: 18.6ms | ActiveRecord: 0.0ms | Allocations: 15580)


Started POST "/events" for 127.0.0.1 at 2022-11-15 14:32:21 +0100
Processing by EventsController#create as TURBO_STREAM
  Parameters: {"authenticity_token"=>"[FILTERED]", "event"=>{"name"=>"Test2", "description"=>"test à nouveau des validations", "place_name"=>"Marseille", "start_date"=>"2022-11-16", "end_date"=>"2022-12-17"}, "commit"=>"Créer un nouvel Event"}
Redirected to http://localhost:3000/events
Completed 302 Found in 3ms (ActiveRecord: 0.0ms | Allocations: 1154)


Started GET "/events" for 127.0.0.1 at 2022-11-15 14:32:21 +0100
  
ActionController::RoutingError (No route matches [GET] "/events"):
  
Started GET "/admin/events/new" for 127.0.0.1 at 2022-11-15 14:32:21 +0100
Processing by EventsController#new as HTML
  Rendering layout layouts/application.html.erb
  Rendering events/new.html.erb within layouts/application
  Rendered events/new.html.erb within layouts/application (Duration: 1.3ms | Allocations: 1008)
  Rendered layout layouts/application.html.erb (Duration: 3.6ms | Allocations: 3191)
Completed 200 OK in 5ms (Views: 4.1ms | ActiveRecord: 0.0ms | Allocations: 3478)


Started GET "/admin/events/new" for 127.0.0.1 at 2022-11-15 14:36:43 +0100
Processing by EventsController#new as HTML
  Rendering layout layouts/application.html.erb
  Rendering events/new.html.erb within layouts/application
  Rendered events/new.html.erb within layouts/application (Duration: 1.3ms | Allocations: 1240)
  Rendered layout layouts/application.html.erb (Duration: 13.2ms | Allocations: 14900)
Completed 200 OK in 21ms (Views: 14.0ms | ActiveRecord: 0.8ms | Allocations: 18923)


Started GET "/admin/events/new" for 127.0.0.1 at 2022-11-15 14:40:01 +0100
Processing by EventsController#new as HTML
  Rendering layout layouts/application.html.erb
  Rendering events/new.html.erb within layouts/application
  Rendered events/new.html.erb within layouts/application (Duration: 1.2ms | Allocations: 996)
  Rendered layout layouts/application.html.erb (Duration: 4.4ms | Allocations: 3178)
Completed 200 OK in 5ms (Views: 4.9ms | ActiveRecord: 0.0ms | Allocations: 3476)


Started POST "/events" for 127.0.0.1 at 2022-11-15 14:44:25 +0100
Processing by EventsController#create as TURBO_STREAM
  Parameters: {"authenticity_token"=>"[FILTERED]", "event"=>{"name"=>"Test2", "description"=>"uhuh", "place_name"=>"Marseille", "start_date"=>"2022-11-16", "end_date"=>"2022-11-17"}, "commit"=>"Créer un nouvel Event"}
Redirected to http://localhost:3000/events
Completed 302 Found in 6ms (ActiveRecord: 0.2ms | Allocations: 4484)


Started GET "/events" for 127.0.0.1 at 2022-11-15 14:44:25 +0100
  
ActionController::RoutingError (No route matches [GET] "/events"):
  
Started GET "/admin/events/new" for 127.0.0.1 at 2022-11-15 14:44:25 +0100
Processing by EventsController#new as HTML
  Rendering layout layouts/application.html.erb
  Rendering events/new.html.erb within layouts/application
  Rendered events/new.html.erb within layouts/application (Duration: 2.2ms | Allocations: 1227)
  Rendered layout layouts/application.html.erb (Duration: 16.3ms | Allocations: 14960)
Completed 200 OK in 18ms (Views: 17.9ms | ActiveRecord: 0.0ms | Allocations: 15573)


Started GET "/admin/events/new" for 127.0.0.1 at 2022-11-15 14:47:16 +0100
Processing by EventsController#new as HTML
  Rendering layout layouts/application.html.erb
  Rendering events/new.html.erb within layouts/application
  Rendered events/new.html.erb within layouts/application (Duration: 1.5ms | Allocations: 1240)
  Rendered layout layouts/application.html.erb (Duration: 10.0ms | Allocations: 14891)
Completed 200 OK in 19ms (Views: 11.1ms | ActiveRecord: 0.8ms | Allocations: 18970)


Started POST "/events" for 127.0.0.1 at 2022-11-15 14:47:29 +0100
Processing by EventsController#create as TURBO_STREAM
  Parameters: {"authenticity_token"=>"[FILTERED]", "event"=>{"name"=>"Test2", "description"=>"bhjb", "place_name"=>"Marseille", "start_date"=>"2022-11-16", "end_date"=>"2022-11-17"}, "commit"=>"Créer un nouvel Event"}
Redirected to http://localhost:3000/events
Completed 302 Found in 3ms (ActiveRecord: 0.0ms | Allocations: 1359)


Started GET "/events" for 127.0.0.1 at 2022-11-15 14:47:29 +0100
  
ActionController::RoutingError (No route matches [GET] "/events"):
  
Started GET "/admin/events/new" for 127.0.0.1 at 2022-11-15 14:47:29 +0100
Processing by EventsController#new as HTML
  Rendering layout layouts/application.html.erb
  Rendering events/new.html.erb within layouts/application
  Rendered events/new.html.erb within layouts/application (Duration: 2.1ms | Allocations: 984)
  Rendered layout layouts/application.html.erb (Duration: 6.2ms | Allocations: 3181)
Completed 200 OK in 7ms (Views: 6.7ms | ActiveRecord: 0.0ms | Allocations: 3469)


Started POST "/events" for 127.0.0.1 at 2022-11-15 14:50:15 +0100
Processing by EventsController#create as TURBO_STREAM
  Parameters: {"authenticity_token"=>"[FILTERED]", "event"=>{"name"=>"Test2", "description"=>"bjkl", "place_name"=>"Marseille", "start_date"=>"2022-11-16", "end_date"=>"2022-11-17"}, "commit"=>"Créer un nouvel Event"}
Completed 500 Internal Server Error in 2ms (Allocations: 1658)


  
ArgumentError (Unknown key: :presence. Valid keys are: :on, :if, :unless, :prepend. Perhaps you meant to call `validates` instead of `validate`?):
  
app/models/event.rb:5:in `<class:Event>'
app/models/event.rb:1:in `<main>'
app/controllers/events_controller.rb:9:in `create'
Started GET "/admin/events/new" for 127.0.0.1 at 2022-11-15 14:51:30 +0100
Processing by EventsController#new as HTML
  Rendering layout layouts/application.html.erb
  Rendering events/new.html.erb within layouts/application
  Rendered events/new.html.erb within layouts/application (Duration: 2.1ms | Allocations: 1264)
  Rendered layout layouts/application.html.erb (Duration: 19.0ms | Allocations: 14998)
Completed 200 OK in 30ms (Views: 20.3ms | ActiveRecord: 0.9ms | Allocations: 19081)


Started POST "/events" for 127.0.0.1 at 2022-11-15 14:51:32 +0100
Processing by EventsController#create as TURBO_STREAM
  Parameters: {"authenticity_token"=>"[FILTERED]", "event"=>{"name"=>"Test2", "description"=>"bjkl", "place_name"=>"Marseille", "start_date"=>"2022-11-16", "end_date"=>"2022-11-17"}, "commit"=>"Créer un nouvel Event"}
Redirected to http://localhost:3000/events
Completed 302 Found in 3ms (ActiveRecord: 0.0ms | Allocations: 1337)


Started GET "/events" for 127.0.0.1 at 2022-11-15 14:51:32 +0100
  
ActionController::RoutingError (No route matches [GET] "/events"):
  
Started GET "/admin/events/new" for 127.0.0.1 at 2022-11-15 14:51:32 +0100
Processing by EventsController#new as HTML
  Rendering layout layouts/application.html.erb
  Rendering events/new.html.erb within layouts/application
  Rendered events/new.html.erb within layouts/application (Duration: 2.2ms | Allocations: 987)
  Rendered layout layouts/application.html.erb (Duration: 5.8ms | Allocations: 3184)
Completed 200 OK in 7ms (Views: 6.4ms | ActiveRecord: 0.0ms | Allocations: 3472)


Started GET "/admin/events/new" for 127.0.0.1 at 2022-11-15 15:00:41 +0100
Processing by EventsController#new as HTML
  Rendering layout layouts/application.html.erb
  Rendering events/new.html.erb within layouts/application
  Rendered events/new.html.erb within layouts/application (Duration: 2.0ms | Allocations: 1246)
  Rendered layout layouts/application.html.erb (Duration: 11.5ms | Allocations: 14957)
Completed 200 OK in 18ms (Views: 12.6ms | ActiveRecord: 0.3ms | Allocations: 18548)


Started POST "/events" for 127.0.0.1 at 2022-11-15 15:00:57 +0100
Processing by EventsController#create as TURBO_STREAM
  Parameters: {"authenticity_token"=>"[FILTERED]", "event"=>{"name"=>"Test2", "description"=>"dfrrhd&", "place_name"=>"Marseille", "start_date"=>"2022-11-16", "end_date"=>"2022-11-17"}, "commit"=>"Créer un nouvel Event"}
Redirected to http://localhost:3000/events
Completed 302 Found in 3ms (ActiveRecord: 0.0ms | Allocations: 1344)


Started GET "/events" for 127.0.0.1 at 2022-11-15 15:00:57 +0100
  
ActionController::RoutingError (No route matches [GET] "/events"):
  
Started GET "/admin/events/new" for 127.0.0.1 at 2022-11-15 15:00:57 +0100
Processing by EventsController#new as HTML
  Rendering layout layouts/application.html.erb
  Rendering events/new.html.erb within layouts/application
  Rendered events/new.html.erb within layouts/application (Duration: 2.4ms | Allocations: 990)
  Rendered layout layouts/application.html.erb (Duration: 6.0ms | Allocations: 3187)
Completed 200 OK in 7ms (Views: 6.7ms | ActiveRecord: 0.0ms | Allocations: 3475)


Started POST "/events" for 127.0.0.1 at 2022-11-15 15:04:11 +0100
Processing by EventsController#create as TURBO_STREAM
  Parameters: {"authenticity_token"=>"[FILTERED]", "event"=>{"name"=>"Test2", "description"=>"ftyuf", "place_name"=>"Marseille", "start_date"=>"2022-11-16", "end_date"=>"2022-11-18"}, "commit"=>"Créer un nouvel Event"}
  [1m[36mTRANSACTION (0.0ms)[0m  [1m[36mbegin transaction[0m
  ↳ app/controllers/events_controller.rb:9:in `create'
  [1m[36mEvent Create (0.2ms)[0m  [1m[32mINSERT INTO "events" ("name", "description", "place_name", "start_date", "end_date", "created_at", "updated_at") VALUES (?, ?, ?, ?, ?, ?, ?)[0m  [["name", "Test2"], ["description", "ftyuf"], ["place_name", "Marseille"], ["start_date", "2022-11-16 00:00:00"], ["end_date", "2022-11-18 00:00:00"], ["created_at", "2022-11-15 14:04:11.527069"], ["updated_at", "2022-11-15 14:04:11.527069"]]
  ↳ app/controllers/events_controller.rb:9:in `create'
  [1m[36mTRANSACTION (4.0ms)[0m  [1m[36mcommit transaction[0m
  ↳ app/controllers/events_controller.rb:9:in `create'
Redirected to http://localhost:3000/events
Completed 302 Found in 16ms (ActiveRecord: 5.0ms | Allocations: 7028)


Started GET "/events" for 127.0.0.1 at 2022-11-15 15:04:11 +0100
  
ActionController::RoutingError (No route matches [GET] "/events"):
  
Started GET "/admin/events/new" for 127.0.0.1 at 2022-11-15 15:04:11 +0100
Processing by EventsController#new as HTML
  Rendering layout layouts/application.html.erb
  Rendering events/new.html.erb within layouts/application
  Rendered events/new.html.erb within layouts/application (Duration: 2.2ms | Allocations: 1216)
  Rendered layout layouts/application.html.erb (Duration: 16.7ms | Allocations: 14949)
Completed 200 OK in 19ms (Views: 18.2ms | ActiveRecord: 0.0ms | Allocations: 15557)


Started POST "/events" for 127.0.0.1 at 2022-11-15 15:10:07 +0100
Processing by EventsController#create as TURBO_STREAM
  Parameters: {"authenticity_token"=>"[FILTERED]", "event"=>{"name"=>"ftghj", "description"=>"", "place_name"=>"gyk", "start_date"=>"2022-11-16", "end_date"=>"2022-11-15"}, "commit"=>"Créer un nouvel Event"}
Redirected to http://localhost:3000/events
Completed 302 Found in 3ms (ActiveRecord: 0.3ms | Allocations: 1295)


Started GET "/events" for 127.0.0.1 at 2022-11-15 15:10:07 +0100
  
ActionController::RoutingError (No route matches [GET] "/events"):
  
Started GET "/admin/events/new" for 127.0.0.1 at 2022-11-15 15:10:07 +0100
Processing by EventsController#new as HTML
  Rendering layout layouts/application.html.erb
  Rendering events/new.html.erb within layouts/application
  Rendered events/new.html.erb within layouts/application (Duration: 2.9ms | Allocations: 1641)
  Rendered layout layouts/application.html.erb (Duration: 7.5ms | Allocations: 4210)
Completed 200 OK in 10ms (Views: 8.9ms | ActiveRecord: 0.0ms | Allocations: 5016)


Started POST "/events" for 127.0.0.1 at 2022-11-15 15:13:40 +0100
Processing by EventsController#create as TURBO_STREAM
  Parameters: {"authenticity_token"=>"[FILTERED]", "event"=>{"name"=>"gfd", "description"=>"", "place_name"=>"fdzgs", "start_date"=>"2022-11-15", "end_date"=>"2022-11-15"}, "commit"=>"Créer un nouvel Event"}
Redirected to http://localhost:3000/events
Completed 302 Found in 2ms (ActiveRecord: 0.0ms | Allocations: 1125)


Started GET "/events" for 127.0.0.1 at 2022-11-15 15:13:40 +0100
  
ActionController::RoutingError (No route matches [GET] "/events"):
  
Started GET "/admin/events/new" for 127.0.0.1 at 2022-11-15 15:13:40 +0100
Processing by EventsController#new as HTML
  Rendering layout layouts/application.html.erb
  Rendering events/new.html.erb within layouts/application
  Rendered events/new.html.erb within layouts/application (Duration: 2.4ms | Allocations: 1670)
  Rendered layout layouts/application.html.erb (Duration: 26.0ms | Allocations: 6716)
Completed 200 OK in 28ms (Views: 27.5ms | ActiveRecord: 0.0ms | Allocations: 7523)


Started GET "/admin/events/new" for 127.0.0.1 at 2022-11-15 15:32:58 +0100
Processing by EventsController#new as HTML
  Rendering layout layouts/application.html.erb
  Rendering events/new.html.erb within layouts/application
  Rendered events/new.html.erb within layouts/application (Duration: 2.4ms | Allocations: 1646)
  Rendered layout layouts/application.html.erb (Duration: 6.4ms | Allocations: 4200)
Completed 200 OK in 10ms (Views: 8.7ms | Allocations: 5055)


Started POST "/events" for 127.0.0.1 at 2022-11-15 15:33:05 +0100
Processing by EventsController#create as TURBO_STREAM
  Parameters: {"authenticity_token"=>"[FILTERED]", "event"=>{"name"=>"fdsq", "description"=>"", "place_name"=>"vdsq", "start_date"=>"2022-11-15", "end_date"=>"2022-11-17"}, "commit"=>"Créer un nouvel Event"}
Redirected to http://localhost:3000/events
Completed 302 Found in 3ms (ActiveRecord: 0.4ms | Allocations: 1291)


Started GET "/events" for 127.0.0.1 at 2022-11-15 15:33:05 +0100
  
ActionController::RoutingError (No route matches [GET] "/events"):
  
Started GET "/admin/events/new" for 127.0.0.1 at 2022-11-15 15:33:05 +0100
Processing by EventsController#new as HTML
  Rendering layout layouts/application.html.erb
  Rendering events/new.html.erb within layouts/application
  Rendered events/new.html.erb within layouts/application (Duration: 1.9ms | Allocations: 1011)
  Rendered layout layouts/application.html.erb (Duration: 5.5ms | Allocations: 3208)
Completed 200 OK in 7ms (Views: 6.1ms | ActiveRecord: 0.0ms | Allocations: 3498)


Started GET "/admin/events/new" for 127.0.0.1 at 2022-11-15 15:33:25 +0100
Processing by EventsController#new as HTML
  Rendering layout layouts/application.html.erb
  Rendering events/new.html.erb within layouts/application
  Rendered events/new.html.erb within layouts/application (Duration: 3.7ms | Allocations: 1540)
  Rendered layout layouts/application.html.erb (Duration: 8.7ms | Allocations: 4094)
Completed 200 OK in 12ms (Views: 11.0ms | ActiveRecord: 0.0ms | Allocations: 4926)


Started GET "/admin/events/new" for 127.0.0.1 at 2022-11-15 15:33:47 +0100
Processing by EventsController#new as HTML
  Rendering layout layouts/application.html.erb
  Rendering events/new.html.erb within layouts/application
  Rendered events/new.html.erb within layouts/application (Duration: 1.4ms | Allocations: 1008)
  Rendered layout layouts/application.html.erb (Duration: 4.0ms | Allocations: 3190)
Completed 200 OK in 5ms (Views: 4.5ms | ActiveRecord: 0.0ms | Allocations: 3489)


Started GET "/admin/events/new" for 127.0.0.1 at 2022-11-15 15:34:18 +0100
Processing by EventsController#new as HTML
  Rendering layout layouts/application.html.erb
  Rendering events/new.html.erb within layouts/application
  Rendered events/new.html.erb within layouts/application (Duration: 2.1ms | Allocations: 1014)
  Rendered layout layouts/application.html.erb (Duration: 8.7ms | Allocations: 4633)
Completed 200 OK in 10ms (Views: 9.2ms | ActiveRecord: 0.0ms | Allocations: 4906)


Started POST "/events" for 127.0.0.1 at 2022-11-15 15:34:27 +0100
Processing by EventsController#create as TURBO_STREAM
  Parameters: {"authenticity_token"=>"[FILTERED]", "event"=>{"name"=>"hfdsf", "description"=>"", "place_name"=>"dhsd", "start_date"=>"2022-11-16", "end_date"=>"2022-11-15"}, "commit"=>"Créer un nouvel Event"}
Redirected to http://localhost:3000/events
Completed 302 Found in 2ms (ActiveRecord: 0.0ms | Allocations: 1133)


Started GET "/events" for 127.0.0.1 at 2022-11-15 15:34:27 +0100
  
ActionController::RoutingError (No route matches [GET] "/events"):
  
Started GET "/admin/events/new" for 127.0.0.1 at 2022-11-15 15:34:27 +0100
Processing by EventsController#new as HTML
  Rendering layout layouts/application.html.erb
  Rendering events/new.html.erb within layouts/application
  Rendered events/new.html.erb within layouts/application (Duration: 2.4ms | Allocations: 999)
  Rendered layout layouts/application.html.erb (Duration: 6.4ms | Allocations: 3183)
Completed 200 OK in 8ms (Views: 7.0ms | ActiveRecord: 0.0ms | Allocations: 3455)


